<?xml version="1.0" encoding="UTF-8"?>
<testng-results ignored="0" total="1" passed="1" failed="0" skipped="0">
  <reporter-output>
  </reporter-output>
  <suite started-at="2024-06-07T17:33:46 IST" name="Default suite" finished-at="2024-06-07T17:33:46 IST" duration-ms="112">
    <groups>
    </groups>
    <test started-at="2024-06-07T17:33:46 IST" name="Default test" finished-at="2024-06-07T17:33:46 IST" duration-ms="112">
      <class name="practiceDataDriverTesting.ReadRunTimeMavenParameterTest">
        <test-method signature="runtimeParameterTest()[pri:0, instance:practiceDataDriverTesting.ReadRunTimeMavenParameterTest@2dc54ad4]" started-at="2024-06-07T17:33:46 IST" name="runtimeParameterTest" finished-at="2024-06-07T17:33:46 IST" duration-ms="17" status="PASS">
          <reporter-output>
          </reporter-output>
        </test-method> <!-- runtimeParameterTest -->
      </class> <!-- practiceDataDriverTesting.ReadRunTimeMavenParameterTest -->
    </test> <!-- Default test -->
  </suite> <!-- Default suite -->
</testng-results>
