<?xml version="1.0" encoding="UTF-8"?>
<testng-results ignored="0" total="1" passed="1" failed="0" skipped="0">
  <reporter-output>
  </reporter-output>
  <suite started-at="2024-06-07T17:42:13 IST" name="Surefire suite" finished-at="2024-06-07T17:42:13 IST" duration-ms="56">
    <groups>
    </groups>
    <test started-at="2024-06-07T17:42:13 IST" name="Surefire test" finished-at="2024-06-07T17:42:13 IST" duration-ms="56">
      <class name="practiceDataDriverTesting.ReadRunTimeMavenParameterTest">
        <test-method signature="runtimeParameterTest()[pri:0, instance:practiceDataDriverTesting.ReadRunTimeMavenParameterTest@6b19b79]" started-at="2024-06-07T17:42:13 IST" name="runtimeParameterTest" finished-at="2024-06-07T17:42:13 IST" duration-ms="9" status="PASS">
          <reporter-output>
          </reporter-output>
        </test-method> <!-- runtimeParameterTest -->
      </class> <!-- practiceDataDriverTesting.ReadRunTimeMavenParameterTest -->
    </test> <!-- Surefire test -->
  </suite> <!-- Surefire suite -->
</testng-results>
